<?xml version="1.0" encoding="UTF-8"?>
<!-- Generated by org.testng.reporters.JUnitReportReporter -->
<testsuite hostname="DESKTOP-3FKTFIL" failures="0" tests="1" name="com.goibibo.qa.testcases.DashboardTest" time="24.182" errors="0" timestamp="2021-07-25T04:45:03 PDT" skipped="0">
  <testcase classname="com.goibibo.qa.testcases.DashboardTest" name="clickAboutUsPageLinkTest" time="24.182"/>
  <system-out/>
</testsuite> <!-- com.goibibo.qa.testcases.DashboardTest -->
