<?xml version="1.0" encoding="UTF-8"?>
<!-- Generated by org.testng.reporters.JUnitReportReporter -->
<testsuite hostname="freedom" failures="0" tests="1" name="com.goibibo.qa.testcases.GetDataTest" time="0.321" errors="0" timestamp="2021-08-07T00:38:45 IST" skipped="0">
  <testcase classname="com.goibibo.qa.testcases.GetDataTest" name="GetDataFromExcel" time="0.321"/>
  <system-out/>
</testsuite> <!-- com.goibibo.qa.testcases.GetDataTest -->
