<?xml version="1.0" encoding="UTF-8"?>
<!-- Generated by org.testng.reporters.JUnitReportReporter -->
<testsuite hostname="Freedom" failures="0" tests="2" name="com.goibibo.qa.testcases.AboutUsTest" time="12.446" errors="0" timestamp="2021-09-09T22:20:22 IST" skipped="0">
  <testcase classname="com.goibibo.qa.testcases.AboutUsTest" name="closeLoginWindowTest" time="6.386"/>
  <system-out/>
  <testcase classname="com.goibibo.qa.testcases.AboutUsTest" name="clickHotelsLinkTest" time="6.060"/>
  <system-out/>
</testsuite> <!-- com.goibibo.qa.testcases.AboutUsTest -->
