<?xml version="1.0" encoding="UTF-8"?>
<!-- Generated by org.testng.reporters.JUnitReportReporter -->
<testsuite hostname="Freedom" failures="0" tests="1" name="com.goibibo.qa.testcases.DashboardTest" time="6.656" errors="0" timestamp="2021-12-14T22:44:09 IST" skipped="0">
  <testcase classname="com.goibibo.qa.testcases.DashboardTest" name="fromPlaceListTest" time="6.656"/>
  <system-out/>
</testsuite> <!-- com.goibibo.qa.testcases.DashboardTest -->
