<?xml version="1.0" encoding="UTF-8"?>
<!-- Generated by org.testng.reporters.JUnitReportReporter -->
<testsuite hostname="freedom" failures="0" tests="1" name="com.goibibo.qa.testcases.AboutUsTest" time="5.814" errors="0" timestamp="2021-07-26T23:22:56 IST" skipped="0">
  <testcase classname="com.goibibo.qa.testcases.AboutUsTest" name="closeLoginWindowTest" time="5.814"/>
  <system-out/>
</testsuite> <!-- com.goibibo.qa.testcases.AboutUsTest -->
