<?xml version="1.0" encoding="UTF-8"?>
<!-- Generated by org.testng.reporters.JUnitReportReporter -->
<testsuite hostname="DESKTOP-3FKTFIL" failures="0" tests="1" name="com.goibibo.qa.testcases.CareersTest" time="24.879" errors="0" timestamp="2021-08-03T11:21:44 PDT" skipped="0">
  <testcase classname="com.goibibo.qa.testcases.CareersTest" name="GoibiboCareersLinkEnabledTest" time="24.879"/>
  <system-out/>
</testsuite> <!-- com.goibibo.qa.testcases.CareersTest -->
