<?xml version="1.0" encoding="UTF-8"?>
<!-- Generated by org.testng.reporters.JUnitReportReporter -->
<testsuite hostname="freedom" failures="0" tests="1" name="com.goibibo.qa.testcases.CareersTest" time="8.195" errors="0" timestamp="2021-08-04T23:12:06 IST" skipped="0">
  <testcase classname="com.goibibo.qa.testcases.CareersTest" name="GoibiboCareersLinkEnabledTest" time="8.195"/>
  <system-out/>
</testsuite> <!-- com.goibibo.qa.testcases.CareersTest -->
