<?xml version="1.0" encoding="UTF-8"?>
<!-- Generated by org.testng.reporters.JUnitReportReporter -->
<testsuite hostname="DESKTOP-3FKTFIL" failures="0" tests="1" name="com.goibibo.qa.testcases.AboutUsTest" time="44.016" errors="0" timestamp="2021-07-26T11:27:02 PDT" skipped="0">
  <testcase classname="com.goibibo.qa.testcases.AboutUsTest" name="clickHotelsLinkTest" time="44.016"/>
  <system-out/>
</testsuite> <!-- com.goibibo.qa.testcases.AboutUsTest -->
