<?xml version="1.0" encoding="UTF-8"?>
<!-- Generated by org.testng.reporters.JUnitReportReporter -->
<testsuite hostname="Freedom" failures="0" tests="2" name="com.goibibo.qa.testcases.AboutUsTest" time="15.532" errors="0" timestamp="2022-02-16T21:58:04 IST" skipped="0">
  <testcase classname="com.goibibo.qa.testcases.AboutUsTest" name="clickHotelsLinkTest" time="7.220"/>
  <system-out/>
  <testcase classname="com.goibibo.qa.testcases.AboutUsTest" name="closeLoginWindowTest" time="8.312"/>
  <system-out/>
</testsuite> <!-- com.goibibo.qa.testcases.AboutUsTest -->
