<?xml version="1.0" encoding="UTF-8"?>
<!-- Generated by org.testng.reporters.JUnitReportReporter -->
<testsuite hostname="Freedom" failures="0" tests="1" name="com.goibibo.qa.testcases.GetDataTest" time="0.287" errors="0" timestamp="2021-10-29T23:13:14 IST" skipped="0">
  <testcase classname="com.goibibo.qa.testcases.GetDataTest" name="GetDataFromExcel" time="0.287"/>
  <system-out/>
</testsuite> <!-- com.goibibo.qa.testcases.GetDataTest -->
