<?xml version="1.0" encoding="UTF-8"?>
<!-- Generated by org.testng.reporters.JUnitReportReporter -->
<testsuite hostname="Freedom" failures="0" tests="1" name="com.goibibo.qa.testcases.DashboardTest" time="8.734" errors="0" timestamp="2021-10-30T23:31:01 IST" skipped="0">
  <testcase classname="com.goibibo.qa.testcases.DashboardTest" name="verifyFromPlaceListTest" time="8.734"/>
  <system-out/>
</testsuite> <!-- com.goibibo.qa.testcases.DashboardTest -->
