<?xml version="1.0" encoding="UTF-8"?>
<!-- Generated by org.testng.reporters.JUnitReportReporter -->
<testsuite hostname="Freedom" failures="0" tests="2" name="com.goibibo.qa.testcases.DashboardTest" time="13.228" errors="0" timestamp="2021-12-14T23:36:20 IST" skipped="0">
  <testcase classname="com.goibibo.qa.testcases.DashboardTest" name="fromPlaceListTest" time="6.512"/>
  <system-out/>
  <testcase classname="com.goibibo.qa.testcases.DashboardTest" name="fromPlaceListTest" time="6.716"/>
  <system-out/>
</testsuite> <!-- com.goibibo.qa.testcases.DashboardTest -->
