<?xml version="1.0" encoding="UTF-8"?>
<!-- Generated by org.testng.reporters.JUnitReportReporter -->
<testsuite hostname="freedom" failures="0" tests="1" name="com.goibibo.qa.testcases.CareersTest" time="9.387" errors="0" timestamp="2021-07-29T00:18:34 IST" skipped="0">
  <testcase classname="com.goibibo.qa.testcases.CareersTest" name="GoibiboCareersLinkEnabledTest" time="9.387"/>
  <system-out/>
</testsuite> <!-- com.goibibo.qa.testcases.CareersTest -->
