<?xml version="1.0" encoding="UTF-8"?>
<!-- Generated by org.testng.reporters.JUnitReportReporter -->
<testsuite hostname="Freedom" failures="0" tests="2" name="com.goibibo.qa.testcases.AboutUsTest" time="13.627" errors="0" timestamp="2021-09-08T00:53:14 IST" skipped="0">
  <testcase classname="com.goibibo.qa.testcases.AboutUsTest" name="clickHotelsLinkTest" time="7.008"/>
  <system-out/>
  <testcase classname="com.goibibo.qa.testcases.AboutUsTest" name="closeLoginWindowTest" time="6.619"/>
  <system-out/>
</testsuite> <!-- com.goibibo.qa.testcases.AboutUsTest -->
