<?xml version="1.0" encoding="UTF-8"?>
<!-- Generated by org.testng.reporters.JUnitReportReporter -->
<testsuite hostname="DESKTOP-3FKTFIL" failures="0" tests="1" name="com.goibibo.qa.testcases.GetDataTest" time="2.369" errors="0" timestamp="2021-08-06T11:47:11 PDT" skipped="0">
  <testcase classname="com.goibibo.qa.testcases.GetDataTest" name="GetDataFromExcel" time="2.369"/>
  <system-out/>
</testsuite> <!-- com.goibibo.qa.testcases.GetDataTest -->
