<?xml version="1.0" encoding="UTF-8"?>
<!-- Generated by org.testng.reporters.JUnitReportReporter -->
<testsuite hostname="Freedom" failures="0" tests="1" name="com.goibibo.qa.testcases.GetDataTest" time="0.295" errors="0" timestamp="2021-09-09T22:20:22 IST" skipped="0">
  <testcase classname="com.goibibo.qa.testcases.GetDataTest" name="GetDataFromExcel" time="0.295"/>
  <system-out/>
</testsuite> <!-- com.goibibo.qa.testcases.GetDataTest -->
